<?xml version="1.0" encoding="UTF-8"?>
<robot generator="Robot 5.0.1 (Python 3.10.5 on win32)" generated="20220815 12:36:50.470" rpa="false" schemaversion="3">
<suite id="s1" name="Test" source="c:\Users\ssmoluch\OneDrive - Capgemini\Documents\GitRepos\robotframeworktest\src\test\robot\test.robot">
<test id="s1-t1" name="Test Case 1" line="2">
<kw name="Log" library="BuiltIn">
<arg>Hello World</arg>
<doc>Logs the given message with the given level.</doc>
<msg timestamp="20220815 12:36:50.494" level="INFO">Hello World</msg>
<status status="PASS" starttime="20220815 12:36:50.494" endtime="20220815 12:36:50.494"/>
</kw>
<status status="PASS" starttime="20220815 12:36:50.493" endtime="20220815 12:36:50.495"/>
</test>
<status status="PASS" starttime="20220815 12:36:50.473" endtime="20220815 12:36:50.497"/>
</suite>
<statistics>
<total>
<stat pass="1" fail="0" skip="0">All Tests</stat>
</total>
<tag>
</tag>
<suite>
<stat pass="1" fail="0" skip="0" id="s1" name="Test">Test</stat>
</suite>
</statistics>
<errors>
</errors>
</robot>
