<?xml version="1.0" encoding="UTF-8"?>
<robot generator="Robot 5.0.1 (Python 3.10.6 on win32)" generated="20220815 15:24:38.905" rpa="false" schemaversion="3">
<suite id="s1" name="Login-Test" source="c:\Users\mkempiak\robotframeworktest\src\test\robot\login-test.robot">
<test id="s1-t1" name="Valid Login" line="6">
<kw name="Open Browser To Login Page" library="resource">
<kw name="Open Browser" library="SeleniumLibrary">
<arg>${LOGIN URL}</arg>
<arg>${BROWSER}</arg>
<doc>Opens a new browser instance to the optional ``url``.</doc>
<msg timestamp="20220815 15:24:39.119" level="INFO">Opening browser 'Chrome' to base url 'https://the-internet.herokuapp.com/login'.</msg>
<status status="PASS" starttime="20220815 15:24:39.119" endtime="20220815 15:24:42.868"/>
</kw>
<kw name="Set Selenium Speed" library="SeleniumLibrary">
<arg>${DELAY}</arg>
<doc>Sets the delay that is waited after each Selenium command.</doc>
<status status="PASS" starttime="20220815 15:24:42.868" endtime="20220815 15:24:42.868"/>
</kw>
<kw name="Login Page Should Be Open" library="resource">
<kw name="Page Should Contain" library="SeleniumLibrary">
<arg>Login Page</arg>
<doc>Verifies that current page contains ``text``.</doc>
<msg timestamp="20220815 15:24:42.896" level="INFO">Current page contains text 'Login Page'.</msg>
<status status="PASS" starttime="20220815 15:24:42.870" endtime="20220815 15:24:42.896"/>
</kw>
<status status="PASS" starttime="20220815 15:24:42.868" endtime="20220815 15:24:42.896"/>
</kw>
<status status="PASS" starttime="20220815 15:24:39.119" endtime="20220815 15:24:42.896"/>
</kw>
<kw name="Input Username" library="resource">
<arg>tomsmith</arg>
<kw name="Input Text" library="SeleniumLibrary">
<arg>username</arg>
<arg>${username}</arg>
<doc>Types the given ``text`` into the text field identified by ``locator``.</doc>
<msg timestamp="20220815 15:24:42.897" level="INFO">Typing text 'tomsmith' into text field 'username'.</msg>
<status status="PASS" starttime="20220815 15:24:42.897" endtime="20220815 15:24:42.998"/>
</kw>
<status status="PASS" starttime="20220815 15:24:42.896" endtime="20220815 15:24:42.998"/>
</kw>
<kw name="Input Password" library="resource">
<arg>SuperSecretPassword!</arg>
<kw name="Input Text" library="SeleniumLibrary">
<arg>password</arg>
<arg>${password}</arg>
<doc>Types the given ``text`` into the text field identified by ``locator``.</doc>
<msg timestamp="20220815 15:24:42.999" level="INFO">Typing text 'SuperSecretPassword!' into text field 'password'.</msg>
<status status="PASS" starttime="20220815 15:24:42.999" endtime="20220815 15:24:43.116"/>
</kw>
<status status="PASS" starttime="20220815 15:24:42.998" endtime="20220815 15:24:43.116"/>
</kw>
<kw name="Submit Credentials" library="resource">
<kw name="Click Element" library="SeleniumLibrary">
<arg>//*[@id="login"]/button</arg>
<doc>Click the element identified by ``locator``.</doc>
<msg timestamp="20220815 15:24:43.117" level="INFO">Clicking element '//*[@id="login"]/button'.</msg>
<status status="PASS" starttime="20220815 15:24:43.117" endtime="20220815 15:24:43.516"/>
</kw>
<status status="PASS" starttime="20220815 15:24:43.116" endtime="20220815 15:24:43.517"/>
</kw>
<kw name="Secure Area Is Open" library="resource">
<kw name="Location Should Be" library="SeleniumLibrary">
<arg>${SECURE URL}</arg>
<doc>Verifies that the current URL is exactly ``url``.</doc>
<msg timestamp="20220815 15:24:43.522" level="INFO">Current location is 'https://the-internet.herokuapp.com/secure'.</msg>
<status status="PASS" starttime="20220815 15:24:43.518" endtime="20220815 15:24:43.522"/>
</kw>
<kw name="Page Should Contain" library="SeleniumLibrary">
<arg>Secure Area</arg>
<doc>Verifies that current page contains ``text``.</doc>
<msg timestamp="20220815 15:24:43.540" level="INFO">Current page contains text 'Secure Area'.</msg>
<status status="PASS" starttime="20220815 15:24:43.523" endtime="20220815 15:24:43.541"/>
</kw>
<status status="PASS" starttime="20220815 15:24:43.517" endtime="20220815 15:24:43.541"/>
</kw>
<kw name="Close Browser" library="SeleniumLibrary" type="TEARDOWN">
<doc>Closes the current browser.</doc>
<status status="PASS" starttime="20220815 15:24:43.542" endtime="20220815 15:24:45.831"/>
</kw>
<status status="PASS" starttime="20220815 15:24:39.116" endtime="20220815 15:24:45.832"/>
</test>
<doc>A test suite containing tests regarding login</doc>
<status status="PASS" starttime="20220815 15:24:38.911" endtime="20220815 15:24:45.833"/>
</suite>
<statistics>
<total>
<stat pass="1" fail="0" skip="0">All Tests</stat>
</total>
<tag>
</tag>
<suite>
<stat pass="1" fail="0" skip="0" id="s1" name="Login-Test">Login-Test</stat>
</suite>
</statistics>
<errors>
</errors>
</robot>
